#
# There is insufficient memory for the Java Runtime Environment to continue.
# Native memory allocation (malloc) failed to allocate 1048576 bytes for AllocateHeap
# Possible reasons:
#   The system is out of physical RAM or swap space
#   In 32 bit mode, the process size limit was hit
# Possible solutions:
#   Reduce memory load on the system
#   Increase physical memory or swap space
#   Check if swap backing store is full
#   Use 64 bit Java on a 64 bit OS
#   Decrease Java heap size (-Xmx/-Xms)
#   Decrease number of Java threads
#   Decrease Java thread stack sizes (-Xss)
#   Set larger code cache with -XX:ReservedCodeCacheSize=
# This output file may be truncated or incomplete.
#
#  Out of Memory Error (memory/allocation.inline.hpp:61), pid=15436, tid=0x00000000000035f4
#
# JRE version:  (8.0_171-b11) (build )
# Java VM: Java HotSpot(TM) 64-Bit Server VM (25.171-b11 mixed mode windows-amd64 compressed oops)
# Failed to write core dump. Minidumps are not enabled by default on client versions of Windows
#

---------------  T H R E A D  ---------------

Current thread (0x0000000002b5e000):  JavaThread "Unknown thread" [_thread_in_vm, id=13812, stack(0x0000000002bb0000,0x0000000002cb0000)]

Stack: [0x0000000002bb0000,0x0000000002cb0000]
[error occurred during error reporting (printing stack bounds), id 0xc0000005]

Native frames: (J=compiled Java code, j=interpreted, Vv=VM code, C=native code)


---------------  P R O C E S S  ---------------

Java Threads: ( => current thread )

Other Threads:

=>0x0000000002b5e000 (exited) JavaThread "Unknown thread" [_thread_in_vm, id=13812, stack(0x0000000002bb0000,0x0000000002cb0000)]

VM state:not at safepoint (normal execution)

VM Mutex/Monitor currently owned by a thread: None

Heap:
 PSYoungGen      total 28672K, used 491K [0x00000000e0800000, 0x00000000e2800000, 0x0000000100000000)
  eden space 24576K, 2% used [0x00000000e0800000,0x00000000e087ae20,0x00000000e2000000)
  from space 4096K, 0% used [0x00000000e2400000,0x00000000e2400000,0x00000000e2800000)
  to   space 4096K, 0% used [0x00000000e2000000,0x00000000e2000000,0x00000000e2400000)
 ParOldGen       total 65536K, used 0K [0x00000000a1800000, 0x00000000a5800000, 0x00000000e0800000)
  object space 65536K, 0% used [0x00000000a1800000,0x00000000a1800000,0x00000000a5800000)
 Metaspace       used 750K, capacity 4480K, committed 4480K, reserved 1056768K
  class space    used 76K, capacity 384K, committed 384K, reserved 1048576K

Card table byte_map: [0x0000000012170000,0x0000000012470000] byte_map_base: 0x0000000011c64000

Marking Bits: (ParMarkBitMap*) 0x00000000707408c0
 Begin Bits: [0x0000000012a70000, 0x0000000014210000)
 End Bits:   [0x0000000014210000, 0x00000000159b0000)

Polling page: 0x0000000000da0000

CodeCache: size=245760Kb used=328Kb max_used=328Kb free=245431Kb
 bounds [0x0000000002db0000, 0x0000000003020000, 0x0000000011db0000]
 total_blobs=58 nmethods=0 adapters=38
 compilation: enabled

Compilation events (0 events):
No events

GC Heap History (0 events):
No events

Deoptimization events (0 events):
No events

Classes redefined (0 events):
No events

Internal exceptions (0 events):
No events

Events (10 events):
Event: 0.027 loading class java/lang/Short
Event: 0.027 loading class java/lang/Short done
Event: 0.027 loading class java/lang/Integer
Event: 0.028 loading class java/lang/Integer done
Event: 0.028 loading class java/lang/Long
Event: 0.028 loading class java/lang/Long done
Event: 0.028 loading class java/lang/NullPointerException
Event: 0.028 loading class java/lang/NullPointerException done
Event: 0.028 loading class java/lang/ArithmeticException
Event: 0.028 loading class java/lang/ArithmeticException done


Dynamic libraries:
0x00007ff6392b0000 - 0x00007ff6392e7000 	C:\Program Files\Java\jre1.8.0_171\bin\javaw.exe
0x00007ffae1e30000 - 0x00007ffae2011000 	C:\WINDOWS\SYSTEM32\ntdll.dll
0x00007ffae1150000 - 0x00007ffae1202000 	C:\WINDOWS\System32\KERNEL32.DLL
0x00007ffade410000 - 0x00007ffade683000 	C:\WINDOWS\System32\KERNELBASE.dll
0x00007ffae17a0000 - 0x00007ffae1841000 	C:\WINDOWS\System32\ADVAPI32.dll
0x00007ffae1550000 - 0x00007ffae15ee000 	C:\WINDOWS\System32\msvcrt.dll
0x00007ffae1860000 - 0x00007ffae18bb000 	C:\WINDOWS\System32\sechost.dll
0x00007ffae15f0000 - 0x00007ffae1714000 	C:\WINDOWS\System32\RPCRT4.dll
0x00007ffadf690000 - 0x00007ffadf820000 	C:\WINDOWS\System32\USER32.dll
0x00007ffade200000 - 0x00007ffade220000 	C:\WINDOWS\System32\win32u.dll
0x00007ffae1520000 - 0x00007ffae1548000 	C:\WINDOWS\System32\GDI32.dll
0x00007ffade220000 - 0x00007ffade3b2000 	C:\WINDOWS\System32\gdi32full.dll
0x00007ffade8c0000 - 0x00007ffade95f000 	C:\WINDOWS\System32\msvcp_win.dll
0x00007ffade740000 - 0x00007ffade83a000 	C:\WINDOWS\System32\ucrtbase.dll
0x00007ffac64b0000 - 0x00007ffac6719000 	C:\WINDOWS\WinSxS\amd64_microsoft.windows.common-controls_6595b64144ccf1df_6.0.17134.81_none_b4b229fe3cb4cfa3\COMCTL32.dll
0x00007ffae0ca0000 - 0x00007ffae0fc3000 	C:\WINDOWS\System32\combase.dll
0x00007ffade840000 - 0x00007ffade8ba000 	C:\WINDOWS\System32\bcryptPrimitives.dll
0x00007ffadf820000 - 0x00007ffadf84d000 	C:\WINDOWS\System32\IMM32.DLL
0x000000006fc70000 - 0x000000006fd42000 	C:\Program Files\Java\jre1.8.0_171\bin\msvcr100.dll
0x000000006ff20000 - 0x00000000707c0000 	C:\Program Files\Java\jre1.8.0_171\bin\server\jvm.dll
0x00007ffae1850000 - 0x00007ffae1858000 	C:\WINDOWS\System32\PSAPI.DLL
0x00007ffacdf90000 - 0x00007ffacdf9a000 	C:\WINDOWS\SYSTEM32\VERSION.dll
0x00007ffadab40000 - 0x00007ffadab63000 	C:\WINDOWS\SYSTEM32\WINMM.dll
0x00007ffad7df0000 - 0x00007ffad7df9000 	C:\WINDOWS\SYSTEM32\WSOCK32.dll
0x00007ffae1490000 - 0x00007ffae14fc000 	C:\WINDOWS\System32\WS2_32.dll
0x00007ffadab00000 - 0x00007ffadab2a000 	C:\WINDOWS\SYSTEM32\winmmbase.dll
0x00007ffade3c0000 - 0x00007ffade409000 	C:\WINDOWS\System32\cfgmgr32.dll
0x000000006fe30000 - 0x000000006fe3f000 	C:\Program Files\Java\jre1.8.0_171\bin\verify.dll
0x000000006fe00000 - 0x000000006fe29000 	C:\Program Files\Java\jre1.8.0_171\bin\java.dll
0x000000006fde0000 - 0x000000006fdf6000 	C:\Program Files\Java\jre1.8.0_171\bin\zip.dll

VM Arguments:
jvm_args: -Dfile.encoding=Cp1252 
java_command: Test
java_class_path (initial): C:\Program Files\Java\jre1.8.0_171\lib\resources.jar;C:\Program Files\Java\jre1.8.0_171\lib\rt.jar;C:\Program Files\Java\jre1.8.0_171\lib\jsse.jar;C:\Program Files\Java\jre1.8.0_171\lib\jce.jar;C:\Program Files\Java\jre1.8.0_171\lib\charsets.jar;C:\Program Files\Java\jre1.8.0_171\lib\jfr.jar;C:\Program Files\Java\jre1.8.0_171\lib\ext\access-bridge-64.jar;C:\Program Files\Java\jre1.8.0_171\lib\ext\cldrdata.jar;C:\Program Files\Java\jre1.8.0_171\lib\ext\dnsns.jar;C:\Program Files\Java\jre1.8.0_171\lib\ext\jaccess.jar;C:\Program Files\Java\jre1.8.0_171\lib\ext\jfxrt.jar;C:\Program Files\Java\jre1.8.0_171\lib\ext\localedata.jar;C:\Program Files\Java\jre1.8.0_171\lib\ext\nashorn.jar;C:\Program Files\Java\jre1.8.0_171\lib\ext\sunec.jar;C:\Program Files\Java\jre1.8.0_171\lib\ext\sunjce_provider.jar;C:\Program Files\Java\jre1.8.0_171\lib\ext\sunmscapi.jar;C:\Program Files\Java\jre1.8.0_171\lib\ext\sunpkcs11.jar;C:\Program Files\Java\jre1.8.0_171\lib\ext\zipfs.jar;F:\Eclipse\PseudoLexer4\bin
Launcher Type: SUN_STANDARD

Environment Variables:
PATH=C:/Program Files/Java/jre1.8.0_171/bin/server;C:/Program Files/Java/jre1.8.0_171/bin;C:/Program Files/Java/jre1.8.0_171/lib/amd64;C:\Program Files (x86)\Intel\iCLS Client\;C:\Program Files\Intel\iCLS Client\;C:\Program Files (x86)\Common Files\Oracle\Java\javapath;C:\WINDOWS\system32;C:\WINDOWS;C:\WINDOWS\System32\Wbem;C:\WINDOWS\System32\WindowsPowerShell\v1.0\;C:\Program Files\nodejs\;C:\Program Files\Git\cmd;C:\Program Files (x86)\OpenVPN\bin;C:\Program Files (x86)\Yarn\bin\;C:\Program Files (x86)\Intel\Intel(R) Management Engine Components\DAL;C:\Program Files\Intel\Intel(R) Management Engine Components\DAL;C:\Program Files (x86)\Intel\Intel(R) Management Engine Components\IPT;C:\Program Files\Intel\Intel(R) Management Engine Components\IPT;C:\WINDOWS\System32\OpenSSH\;C:\Users\Windows\AppData\Local\Microsoft\WindowsApps;C:\Users\Windows\AppData\Roaming\npm;C:\Program Files\Microsoft VS Code\bin;C:\Users\Windows\AppData\Local\GitHubDesktop\bin;C:\Users\Windows\AppData\Local\Yarn\bin;%USERPROFILE%\AppData\Local\Microsoft\WindowsApps;;C:\WINDOWS\system32;
USERNAME=Windows
OS=Windows_NT
PROCESSOR_IDENTIFIER=Intel64 Family 6 Model 58 Stepping 9, GenuineIntel



---------------  S Y S T E M  ---------------

OS: Windows 10.0 , 64 bit Build 17134 (10.0.17134.1)

CPU:total 4 (initial active 4) (2 cores per cpu, 2 threads per core) family 6 model 58 stepping 9, cmov, cx8, fxsr, mmx, sse, sse2, sse3, ssse3, sse4.1, sse4.2, popcnt, avx, aes, clmul, erms, ht, tsc, tscinvbit, tscinv

Memory: 4k page, physical 6192036k(1908732k free), swap 7830436k(5136k free)

vm_info: Java HotSpot(TM) 64-Bit Server VM (25.171-b11) for windows-amd64 JRE (1.8.0_171-b11), built on Mar 28 2018 16:06:12 by "java_re" with MS VC++ 10.0 (VS2010)

time: Wed Jun 06 14:20:47 2018
elapsed time: 0 seconds (0d 0h 0m 0s)

